<?xml version="1.0" encoding="UTF-8"?>
<testng-results ignored="0" total="3" passed="3" failed="0" skipped="0">
  <reporter-output>
  </reporter-output>
  <suite started-at="2024-03-11T00:11:34 IST" name="Default suite" finished-at="2024-03-11T00:12:04 IST" duration-ms="29904">
    <groups>
    </groups>
    <test started-at="2024-03-11T00:11:34 IST" name="Default test" finished-at="2024-03-11T00:12:04 IST" duration-ms="29904">
      <class name="HomePage_Test">
        <test-method is-config="true" signature="setup()[pri:0, instance:HomePage_Test@217ed35e]" started-at="2024-03-11T00:11:34 IST" name="setup" finished-at="2024-03-11T00:11:40 IST" duration-ms="5932" status="PASS">
          <reporter-output>
          </reporter-output>
        </test-method> <!-- setup -->
        <test-method signature="VerifyURLTest()[pri:0, instance:HomePage_Test@217ed35e]" started-at="2024-03-11T00:11:40 IST" name="VerifyURLTest" finished-at="2024-03-11T00:11:40 IST" duration-ms="42" status="PASS">
          <reporter-output>
          </reporter-output>
        </test-method> <!-- VerifyURLTest -->
        <test-method is-config="true" signature="CloseBrowser()[pri:0, instance:HomePage_Test@217ed35e]" started-at="2024-03-11T00:11:40 IST" name="CloseBrowser" finished-at="2024-03-11T00:11:41 IST" duration-ms="1359" status="PASS">
          <reporter-output>
          </reporter-output>
        </test-method> <!-- CloseBrowser -->
        <test-method is-config="true" signature="setup()[pri:0, instance:HomePage_Test@217ed35e]" started-at="2024-03-11T00:11:41 IST" name="setup" finished-at="2024-03-11T00:11:45 IST" duration-ms="3491" status="PASS">
          <reporter-output>
          </reporter-output>
        </test-method> <!-- setup -->
        <test-method signature="searchItemTest()[pri:0, instance:HomePage_Test@217ed35e]" started-at="2024-03-11T00:11:45 IST" name="searchItemTest" finished-at="2024-03-11T00:11:58 IST" duration-ms="13023" status="PASS">
          <reporter-output>
          </reporter-output>
        </test-method> <!-- searchItemTest -->
        <test-method is-config="true" signature="CloseBrowser()[pri:0, instance:HomePage_Test@217ed35e]" started-at="2024-03-11T00:11:58 IST" name="CloseBrowser" finished-at="2024-03-11T00:11:59 IST" duration-ms="1382" status="PASS">
          <reporter-output>
          </reporter-output>
        </test-method> <!-- CloseBrowser -->
        <test-method is-config="true" signature="setup()[pri:0, instance:HomePage_Test@217ed35e]" started-at="2024-03-11T00:11:59 IST" name="setup" finished-at="2024-03-11T00:12:03 IST" duration-ms="3233" status="PASS">
          <reporter-output>
          </reporter-output>
        </test-method> <!-- setup -->
        <test-method signature="verifyTitleTest()[pri:0, instance:HomePage_Test@217ed35e]" started-at="2024-03-11T00:12:03 IST" name="verifyTitleTest" finished-at="2024-03-11T00:12:03 IST" duration-ms="24" status="PASS">
          <reporter-output>
          </reporter-output>
        </test-method> <!-- verifyTitleTest -->
        <test-method is-config="true" signature="CloseBrowser()[pri:0, instance:HomePage_Test@217ed35e]" started-at="2024-03-11T00:12:03 IST" name="CloseBrowser" finished-at="2024-03-11T00:12:04 IST" duration-ms="1321" status="PASS">
          <reporter-output>
          </reporter-output>
        </test-method> <!-- CloseBrowser -->
      </class> <!-- HomePage_Test -->
    </test> <!-- Default test -->
  </suite> <!-- Default suite -->
</testng-results>
