<?xml version="1.0" encoding="UTF-8"?>
<!-- Generated by org.testng.reporters.JUnitXMLReporter -->
<testsuite ignored="0" hostname="SHUBHAM-PC" failures="0" tests="3" name="Default test" time="29.904" errors="0" timestamp="2024-03-11T00:12:04 IST">
  <testcase classname="HomePage_Test" name="VerifyURLTest" time="0.042"/>
  <testcase classname="HomePage_Test" name="searchItemTest" time="13.023"/>
  <testcase classname="HomePage_Test" name="verifyTitleTest" time="0.024"/>
</testsuite> <!-- Default test -->
